22/11/17 14:58:24 INFO NormalizedDataProcessing$: Creating connection properties for connecting to postgresql
22/11/17 14:58:24 INFO NormalizedDataProcessing$: Create Spark Session
22/11/17 14:58:25 INFO NormalizedDataProcessing$: Read JSON data
22/11/17 14:58:26 INFO NormalizedDataProcessing$: Denormalize complex JSON data
22/11/17 14:58:26 INFO NormalizedDataProcessing$: Get Spark Context
22/11/17 14:58:26 INFO NormalizedDataProcessing$: Broadcast JDBC connection parameters to each partition/executor
22/11/17 14:58:26 INFO NormalizedDataProcessing$: Loop through 3 partitions with individual data
22/11/17 14:58:27 INFO NormalizedDataProcessing$: Get broadcast values
22/11/17 14:58:27 INFO NormalizedDataProcessing$: Extract values from broadcast object
22/11/17 14:58:27 INFO NormalizedDataProcessing$: Loop through each data row in the partition
22/11/17 14:58:27 INFO NormalizedDataProcessing$: Read column values from individual row
22/11/17 14:58:27 INFO NormalizedDataProcessing$: Check for existing address
22/11/17 14:58:27 INFO NormalizedDataProcessing$: Check if employee data exists
22/11/17 14:58:27 INFO NormalizedDataProcessing$: Determine whether the current record is needed to be updated or inserted
22/11/17 14:58:27 INFO NormalizedDataProcessing$: Add row data for batch updates
22/11/17 14:58:27 INFO NormalizedDataProcessing$: Execute batched records
22/11/17 14:58:27 INFO NormalizedDataProcessing$: Read column values from individual row
22/11/17 14:58:27 INFO NormalizedDataProcessing$: Check for existing address
22/11/17 14:58:27 INFO NormalizedDataProcessing$: Check if employee data exists
22/11/17 14:58:27 INFO NormalizedDataProcessing$: Determine whether the current record is needed to be updated or inserted
22/11/17 14:58:27 INFO NormalizedDataProcessing$: Add row data for batch updates
22/11/17 14:58:27 INFO NormalizedDataProcessing$: Execute batched records
22/11/17 14:58:27 INFO NormalizedDataProcessing$: Read column values from individual row
22/11/17 14:58:27 INFO NormalizedDataProcessing$: Check for existing address
22/11/17 14:58:27 INFO NormalizedDataProcessing$: Check if employee data exists
22/11/17 14:58:27 INFO NormalizedDataProcessing$: Determine whether the current record is needed to be updated or inserted
22/11/17 14:58:27 INFO NormalizedDataProcessing$: Add row data for batch updates
22/11/17 14:58:27 INFO NormalizedDataProcessing$: Execute batched records
22/11/17 14:58:27 INFO NormalizedDataProcessing$: Commit records
22/11/17 14:58:27 INFO NormalizedDataProcessing$: Close DB connection for each partition
22/11/17 14:58:27 INFO NormalizedDataProcessing$: Stop Spark Session
